[01:15:25] [ServerMain/INFO]: Building unoptimized datafixer
[01:15:26] [ServerMain/INFO]: Environment: authHost='https://authserver.mojang.com', accountsHost='https://api.mojang.com', sessionHost='https://sessionserver.mojang.com', servicesHost='https://api.minecraftservices.com', name='PROD'
[01:15:27] [ServerMain/INFO]: Loaded 7 recipes
[01:15:27] [ServerMain/INFO]: Loaded 1179 advancements
[01:15:28] [Server thread/INFO]: Starting minecraft server version 1.19.2
[01:15:28] [Server thread/INFO]: Loading properties
[01:15:28] [Server thread/INFO]: Default game type: SURVIVAL
[01:15:28] [Server thread/INFO]: Generating keypair
[01:15:28] [Server thread/INFO]: Starting Minecraft server on *:25565
[01:15:28] [Server thread/INFO]: Using default channel type
[01:15:28] [Server thread/WARN]: **** SERVER IS RUNNING IN OFFLINE/INSECURE MODE!
[01:15:28] [Server thread/WARN]: The server will make no attempt to authenticate usernames. Beware.
[01:15:28] [Server thread/WARN]: While this makes the game possible to play without internet access, it also opens up the ability for hackers to connect with any username they choose.
[01:15:28] [Server thread/WARN]: To change this, set "online-mode" to "true" in the server.properties file.
[01:15:28] [Server thread/INFO]: Preparing level "world"
[01:15:39] [Server thread/INFO]: Preparing start region for dimension minecraft:overworld
[01:15:39] [Worker-Main-4/INFO]: Preparing spawn area: 0%
[01:15:39] [Worker-Main-1/INFO]: Preparing spawn area: 0%
[01:15:40] [Worker-Main-5/INFO]: Preparing spawn area: 0%
[01:15:40] [Worker-Main-3/INFO]: Preparing spawn area: 0%
[01:15:41] [Worker-Main-3/INFO]: Preparing spawn area: 1%
[01:15:41] [Worker-Main-2/INFO]: Preparing spawn area: 2%
[01:15:42] [Worker-Main-4/INFO]: Preparing spawn area: 3%
[01:15:42] [Worker-Main-5/INFO]: Preparing spawn area: 5%
[01:15:43] [Worker-Main-4/INFO]: Preparing spawn area: 8%
[01:15:43] [Worker-Main-4/INFO]: Preparing spawn area: 10%
[01:15:44] [Worker-Main-1/INFO]: Preparing spawn area: 13%
[01:15:44] [Worker-Main-4/INFO]: Preparing spawn area: 16%
[01:15:45] [Worker-Main-5/INFO]: Preparing spawn area: 19%
[01:15:45] [Worker-Main-2/INFO]: Preparing spawn area: 22%
[01:15:46] [Worker-Main-2/INFO]: Preparing spawn area: 25%
[01:15:46] [Worker-Main-3/INFO]: Preparing spawn area: 29%
[01:15:47] [Worker-Main-3/INFO]: Preparing spawn area: 32%
[01:15:47] [Worker-Main-1/INFO]: Preparing spawn area: 37%
[01:15:48] [Worker-Main-5/INFO]: Preparing spawn area: 40%
[01:15:48] [Worker-Main-1/INFO]: Preparing spawn area: 44%
[01:15:49] [Worker-Main-4/INFO]: Preparing spawn area: 48%
[01:15:49] [Worker-Main-5/INFO]: Preparing spawn area: 52%
[01:15:50] [Worker-Main-2/INFO]: Preparing spawn area: 56%
[01:15:50] [Worker-Main-4/INFO]: Preparing spawn area: 59%
[01:15:51] [Worker-Main-5/INFO]: Preparing spawn area: 63%
[01:15:51] [Worker-Main-1/INFO]: Preparing spawn area: 68%
[01:15:52] [Worker-Main-2/INFO]: Preparing spawn area: 71%
[01:15:52] [Worker-Main-5/INFO]: Preparing spawn area: 75%
[01:15:53] [Worker-Main-2/INFO]: Preparing spawn area: 81%
[01:15:53] [Worker-Main-5/INFO]: Preparing spawn area: 84%
[01:15:54] [Worker-Main-5/INFO]: Preparing spawn area: 88%
[01:15:54] [Worker-Main-5/INFO]: Preparing spawn area: 93%
[01:15:55] [Worker-Main-2/INFO]: Preparing spawn area: 98%
[01:15:55] [Server thread/INFO]: Time elapsed: 16159 ms
[01:15:55] [Server thread/INFO]: Done (26.868s)! For help, type "help"
[01:16:00] [Server thread/INFO]: qwewqe[/25.67.78.132:54060] logged in with entity id 276 at (90.5, 68.0, 140.5)
[01:16:00] [Server thread/INFO]: qwewqe joined the game
[01:18:34] [Server thread/INFO]: chrt[/25.50.58.198:54550] logged in with entity id 1290 at (97.5, 63.0, 141.5)
[01:18:34] [Server thread/INFO]: chrt joined the game
[01:21:21] [Server thread/INFO]: WhichWitch[/25.70.62.44:61285] logged in with entity id 1955 at (88.5, 64.0, 153.5)
[01:21:21] [Server thread/INFO]: WhichWitch joined the game
[01:22:09] [Server thread/INFO]: chrt has made the advancement [Stone Age]
[01:22:24] [Server thread/INFO]: nekareborn[/25.70.47.181:50490] logged in with entity id 2270 at (104.5, 63.0, 148.5)
[01:22:24] [Server thread/INFO]: nekareborn joined the game
[01:22:50] [Server thread/INFO]: chrt has made the advancement [Getting an Upgrade]
[01:26:19] [Server thread/INFO]: kefur[/25.70.8.89:54611] logged in with entity id 3610 at (91.5, 63.0, 140.5)
[01:26:19] [Server thread/INFO]: kefur joined the game
[01:28:44] [Server thread/INFO]: kefur has made the advancement [Monster Hunter]
[01:29:02] [Server thread/INFO]: chrt has made the advancement [Monster Hunter]
[01:31:09] [Server thread/INFO]: nekareborn has made the advancement [Diamonds!]
[01:31:45] [Server thread/INFO]: qwewqe has made the advancement [Monster Hunter]
[01:31:57] [Server thread/INFO]: kefur has made the advancement [Stone Age]
[01:32:31] [Server thread/INFO]: kefur has made the advancement [Getting an Upgrade]
[01:32:41] [Server thread/INFO]: WhichWitch was blown up by Creeper
[01:33:42] [Server thread/WARN]: Mismatch in destroy block pos: gt{x=121, y=64, z=73} gt{x=121, y=62, z=72}
[01:33:52] [Server thread/INFO]: eshken[/25.70.198.196:62675] logged in with entity id 8271 at (94.5, 63.0, 146.5)
[01:33:53] [Server thread/INFO]: eshken joined the game
[01:34:20] [Server thread/INFO]: [Not Secure] [Server] ????? = ????????
[01:38:44] [Server thread/INFO]: chrt has made the advancement [Best Friends Forever]
[01:39:10] [Server thread/INFO]: eshken has made the advancement [Stone Age]
[01:39:48] [Server thread/INFO]: eshken has made the advancement [Getting an Upgrade]
[01:45:24] [Server thread/INFO]: niggay[/25.70.229.243:52365] logged in with entity id 20149 at (98.5, 63.0, 141.5)
[01:45:24] [Server thread/INFO]: niggay joined the game
[01:45:40] [Server thread/INFO]: Incorrect argument for command
[01:45:40] [Server thread/INFO]: tp niggay to chrt<--[HERE]
[01:45:54] [Server thread/INFO]: /advancement (grant|revoke)
[01:45:54] [Server thread/INFO]: /attribute <target> <attribute> (get|base|modifier)
[01:45:54] [Server thread/INFO]: /execute (run|if|unless|as|at|store|positioned|rotated|facing|align|anchored|in)
[01:45:54] [Server thread/INFO]: /bossbar (add|remove|list|set|get)
[01:45:54] [Server thread/INFO]: /clear [<targets>]
[01:45:54] [Server thread/INFO]: /clone <begin> <end> <destination> [replace|masked|filtered]
[01:45:54] [Server thread/INFO]: /data (merge|get|remove|modify)
[01:45:54] [Server thread/INFO]: /datapack (enable|disable|list)
[01:45:54] [Server thread/INFO]: /debug (start|stop|function)
[01:45:54] [Server thread/INFO]: /defaultgamemode (survival|creative|adventure|spectator)
[01:45:54] [Server thread/INFO]: /difficulty [peaceful|easy|normal|hard]
[01:45:54] [Server thread/INFO]: /effect (clear|give)
[01:45:54] [Server thread/INFO]: /me <action>
[01:45:54] [Server thread/INFO]: /enchant <targets> <enchantment> [<level>]
[01:45:54] [Server thread/INFO]: /experience (add|set|query)
[01:45:54] [Server thread/INFO]: /xp -> experience
[01:45:54] [Server thread/INFO]: /fill <from> <to> <block> [replace|keep|outline|hollow|destroy]
[01:45:54] [Server thread/INFO]: /forceload (add|remove|query)
[01:45:54] [Server thread/INFO]: /function <name>
[01:45:54] [Server thread/INFO]: /gamemode (survival|creative|adventure|spectator)
[01:45:54] [Server thread/INFO]: /gamerule (announceAdvancements|commandBlockOutput|disableElytraMovementCheck|disableRaids|doDaylightCycle|doEntityDrops|doFireTick|doImmediateRespawn|doInsomnia|doLimitedCrafting|doMobLoot|doMobSpawning|doPatrolSpawning|doTileDrops|doTraderSpawning|doWardenSpawning|doWeatherCycle|drowningDamage|fallDamage|fireDamage|forgiveDeadPlayers|freezeDamage|keepInventory|logAdminCommands|maxCommandChainLength|maxEntityCramming|mobGriefing|naturalRegeneration|playersSleepingPercentage|randomTickSpeed|reducedDebugInfo|sendCommandFeedback|showDeathMessages|spawnRadius|spectatorsGenerateChunks|universalAnger)
[01:45:54] [Server thread/INFO]: /give <targets> <item> [<count>]
[01:45:54] [Server thread/INFO]: /help [<command>]
[01:45:54] [Server thread/INFO]: /item (replace|modify)
[01:45:54] [Server thread/INFO]: /kick <targets> [<reason>]
[01:45:54] [Server thread/INFO]: /kill [<targets>]
[01:45:54] [Server thread/INFO]: /list [uuids]
[01:45:54] [Server thread/INFO]: /locate (structure|biome|poi)
[01:45:54] [Server thread/INFO]: /loot (replace|insert|give|spawn)
[01:45:54] [Server thread/INFO]: /msg <targets> <message>
[01:45:54] [Server thread/INFO]: /tell -> msg
[01:45:54] [Server thread/INFO]: /w -> msg
[01:45:54] [Server thread/INFO]: /particle <name> [<pos>]
[01:45:54] [Server thread/INFO]: /place (feature|jigsaw|structure|template)
[01:45:54] [Server thread/INFO]: /playsound <sound> (master|music|record|weather|block|hostile|neutral|player|ambient|voice)
[01:45:54] [Server thread/INFO]: /reload
[01:45:54] [Server thread/INFO]: /recipe (give|take)
[01:45:54] [Server thread/INFO]: /say <message>
[01:45:54] [Server thread/INFO]: /schedule (function|clear)
[01:45:54] [Server thread/INFO]: /scoreboard (objectives|players)
[01:45:54] [Server thread/INFO]: /seed
[01:45:54] [Server thread/INFO]: /setblock <pos> <block> [destroy|keep|replace]
[01:45:54] [Server thread/INFO]: /spawnpoint [<targets>]
[01:45:54] [Server thread/INFO]: /setworldspawn [<pos>]
[01:45:54] [Server thread/INFO]: /spectate [<target>]
[01:45:54] [Server thread/INFO]: /spreadplayers <center> <spreadDistance> <maxRange> (<respectTeams>|under)
[01:45:54] [Server thread/INFO]: /stopsound <targets> [*|master|music|record|weather|block|hostile|neutral|player|ambient|voice]
[01:45:54] [Server thread/INFO]: /summon <entity> [<pos>]
[01:45:54] [Server thread/INFO]: /tag <targets> (add|remove|list)
[01:45:54] [Server thread/INFO]: /team (list|add|remove|empty|join|leave|modify)
[01:45:54] [Server thread/INFO]: /teammsg <message>
[01:45:54] [Server thread/INFO]: /tm -> teammsg
[01:45:54] [Server thread/INFO]: /teleport (<location>|<destination>|<targets>)
[01:45:54] [Server thread/INFO]: /tp -> teleport
[01:45:54] [Server thread/INFO]: /tellraw <targets> <message>
[01:45:54] [Server thread/INFO]: /time (set|add|query)
[01:45:54] [Server thread/INFO]: /title <targets> (clear|reset|title|subtitle|actionbar|times)
[01:45:54] [Server thread/INFO]: /trigger <objective> [add|set]
[01:45:54] [Server thread/INFO]: /weather (clear|rain|thunder)
[01:45:54] [Server thread/INFO]: /worldborder (add|set|center|damage|get|warning)
[01:45:54] [Server thread/INFO]: /jfr (start|stop)
[01:45:54] [Server thread/INFO]: /ban-ip <target> [<reason>]
[01:45:54] [Server thread/INFO]: /banlist [ips|players]
[01:45:54] [Server thread/INFO]: /ban <targets> [<reason>]
[01:45:54] [Server thread/INFO]: /deop <targets>
[01:45:54] [Server thread/INFO]: /op <targets>
[01:45:54] [Server thread/INFO]: /pardon <targets>
[01:45:54] [Server thread/INFO]: /pardon-ip <target>
[01:45:54] [Server thread/INFO]: /perf (start|stop)
[01:45:54] [Server thread/INFO]: /save-all [flush]
[01:45:54] [Server thread/INFO]: /save-off
[01:45:54] [Server thread/INFO]: /save-on
[01:45:54] [Server thread/INFO]: /setidletimeout <minutes>
[01:45:54] [Server thread/INFO]: /stop
[01:45:54] [Server thread/INFO]: /whitelist (on|off|list|add|remove|reload)
[01:46:32] [Server thread/INFO]: Teleported niggay to chrt
[01:46:32] [Server thread/WARN]: niggay moved too quickly! -332.662478094398,10.0,271.4456989055432
[01:46:32] [Server thread/WARN]: niggay moved too quickly! -332.662478094398,10.0,271.4456989055432
[01:47:37] [Server thread/INFO]: niggay has made the advancement [Monster Hunter]
[01:48:15] [Server thread/INFO]: nekareborn has made the advancement [Monster Hunter]
[01:48:29] [Server thread/INFO]: eshken has made the advancement [Monster Hunter]
[01:48:56] [Server thread/INFO]: kefur has made the advancement [Acquire Hardware]
[01:49:14] [Server thread/INFO]: WhichWitch lost connection: Disconnected
[01:49:14] [Server thread/INFO]: WhichWitch left the game
[01:49:35] [Server thread/INFO]: qwewqe has made the advancement [Sweet Dreams]
[01:49:38] [Server thread/INFO]: kefur has made the advancement [Isn't It Iron Pick]
[01:49:38] [Server thread/INFO]: nekareborn has made the advancement [Sweet Dreams]
[01:49:41] [Server thread/INFO]: chrt has made the advancement [Sweet Dreams]
[01:49:49] [Server thread/INFO]: kefur has made the advancement [Sweet Dreams]
[01:49:52] [Server thread/INFO]: eshken lost connection: Disconnected
[01:49:52] [Server thread/INFO]: eshken left the game
[01:49:56] [Server thread/INFO]: nekareborn lost connection: Disconnected
[01:49:56] [Server thread/INFO]: nekareborn left the game
[01:50:00] [Server thread/INFO]: niggay lost connection: Disconnected
[01:50:00] [Server thread/INFO]: niggay left the game
[01:50:17] [Server thread/INFO]: nekareborn[/25.70.47.181:51759] logged in with entity id 24265 at (-341.6043617679848, 68.0, 1052.1342147368916)
[01:50:17] [Server thread/INFO]: nekareborn joined the game
[01:51:08] [Server thread/INFO]: eshken[/25.70.198.196:56925] logged in with entity id 24581 at (-341.9340964674827, 67.0, 1050.1974352172501)
[01:51:08] [Server thread/INFO]: eshken joined the game
[01:51:26] [Server thread/INFO]: [Not Secure] <chrt> ew
[01:51:32] [Server thread/INFO]: kefur has made the advancement [Hot Stuff]
[01:51:44] [Server thread/INFO]: niggay[/25.70.229.243:52382] logged in with entity id 24901 at (-363.0224875892706, 67.0, 972.0019384361603)
[01:51:44] [Server thread/INFO]: niggay joined the game
[01:52:06] [Server thread/INFO]: qwewqe has made the advancement [Stone Age]
[01:56:00] [Server thread/INFO]: qwewqe has made the advancement [Take Aim]
[01:56:16] [Server thread/INFO]: kefur has made the advancement [Suit Up]
[01:56:32] [Server thread/INFO]: nekareborn has made the advancement [Acquire Hardware]
[01:56:43] [Server thread/INFO]: nekareborn drowned
[01:56:48] [Server thread/INFO]: qwewqe has made the advancement [Diamonds!]
[01:56:55] [Server thread/INFO]: eshken has made the advancement [Acquire Hardware]
[01:57:16] [Server thread/INFO]: Teleported nekareborn to qwewqe
[01:58:26] [Server thread/INFO]: qwewqe has made the advancement [Acquire Hardware]
[02:00:09] [Server thread/INFO]: qwewqe has made the advancement [Ice Bucket Challenge]
[02:02:28] [Server thread/INFO]: No entity was found
[02:02:55] [Server thread/INFO]: qwewqe has made the advancement [Suit Up]
[02:03:42] [Server thread/INFO]: eshken has made the advancement [Isn't It Iron Pick]
[02:04:08] [Server thread/INFO]: niggay lost connection: Disconnected
[02:04:08] [Server thread/INFO]: niggay left the game
[02:04:17] [Server thread/INFO]: eshken has made the advancement [Hot Stuff]
[02:05:42] [Server thread/INFO]: chrt has made the advancement [Diamonds!]
[02:05:52] [Server thread/INFO]: chrt has made the advancement [Acquire Hardware]
[02:06:06] [Server thread/INFO]: nekareborn has made the advancement [Ice Bucket Challenge]
[02:11:39] [Server thread/INFO]: nekareborn has made the advancement [Best Friends Forever]
[02:12:38] [Server thread/INFO]: eshken has made the advancement [Best Friends Forever]
[02:16:55] [Server thread/INFO]: nekareborn has made the advancement [Stone Age]
[02:17:40] [Server thread/INFO]: kefur has made the advancement [Not Today, Thank You]
[02:19:25] [Server thread/INFO]: Teleported chrt to qwewqe
[02:19:25] [Server thread/WARN]: chrt moved too quickly! -2093.869738293335,1.0,-2394.660516536118
[02:19:25] [Server thread/WARN]: chrt moved too quickly! -2093.869738293335,1.0,-2394.660516536118
[02:19:25] [Server thread/WARN]: chrt moved too quickly! -2093.869738293335,1.0,-2394.660516536118
[02:19:25] [Server thread/WARN]: chrt moved too quickly! -2093.869738293335,1.0,-2394.660516536118
[02:21:02] [Server thread/INFO]: eshken has made the advancement [Sweet Dreams]
[02:21:23] [Server thread/INFO]: kefur lost connection: Disconnected
[02:21:23] [Server thread/INFO]: kefur left the game
[02:21:38] [Server thread/INFO]: kefur[/25.70.8.89:65260] logged in with entity id 63245 at (-1333.791583288009, -42.0, -1354.2804257686898)
[02:21:38] [Server thread/INFO]: kefur joined the game
[02:21:52] [Server thread/INFO]: Teleported kefur to chrt
[02:21:52] [Server thread/WARN]: kefur moved too quickly! -1155.5575620488544,103.0,2658.709505157528
[02:21:52] [Server thread/WARN]: kefur moved too quickly! -1155.5575620488544,103.0,2658.709505157528
[02:23:17] [Server thread/INFO]: kefur has made the advancement [What a Deal!]
[02:23:21] [Server thread/INFO]: qwewqe has made the advancement [What a Deal!]
[02:24:41] [Server thread/WARN]: Horse (vehicle of nekareborn) moved wrongly! 0.3015281775146832
[02:24:41] [Server thread/WARN]: Horse (vehicle of nekareborn) moved wrongly! 0.5374473590886737
[02:24:41] [Server thread/WARN]: Horse (vehicle of nekareborn) moved wrongly! 0.48094452835948687
[02:24:41] [Server thread/WARN]: Horse (vehicle of nekareborn) moved wrongly! 0.3825506026541916
[02:25:02] [Server thread/WARN]: Horse (vehicle of nekareborn) moved wrongly! 0.34660477957481817
[02:25:03] [Server thread/WARN]: Horse (vehicle of nekareborn) moved wrongly! 0.4731975504607817
[02:25:41] [Server thread/WARN]: Horse (vehicle of eshken) moved wrongly! 0.4180743984527453
[02:27:14] [Server thread/WARN]: Horse (vehicle of eshken) moved wrongly! 0.25143831605100786
[02:27:14] [Server thread/WARN]: Horse (vehicle of eshken) moved wrongly! 0.46132277212495865
[02:27:14] [Server thread/WARN]: Horse (vehicle of eshken) moved wrongly! 0.48308576399494996
[02:27:14] [Server thread/WARN]: Horse (vehicle of eshken) moved wrongly! 0.49473070703720623
[02:27:14] [Server thread/WARN]: Horse (vehicle of eshken) moved wrongly! 0.7106908785251562
[02:29:20] [Server thread/WARN]: Horse (vehicle of nekareborn) moved wrongly! 0.47573419469199507
[02:29:20] [Server thread/WARN]: Horse (vehicle of nekareborn) moved wrongly! 1.0
[02:29:21] [Server thread/WARN]: Horse (vehicle of nekareborn) moved wrongly! 0.28637040593957863
[02:30:24] [Server thread/WARN]: Horse (vehicle of nekareborn) moved wrongly! 0.28574637678366344
[02:30:24] [Server thread/WARN]: Horse (vehicle of nekareborn) moved wrongly! 0.9501639760519538
[02:30:26] [Server thread/WARN]: Horse (vehicle of nekareborn) moved wrongly! 0.551945806853837
[02:30:26] [Server thread/WARN]: Horse (vehicle of nekareborn) moved wrongly! 1.2085782545595976
[02:30:28] [Server thread/WARN]: Horse (vehicle of nekareborn) moved wrongly! 0.2532496102458026
[02:30:39] [Server thread/WARN]: Horse (vehicle of nekareborn) moved wrongly! 0.31725171486732506
[02:30:39] [Server thread/WARN]: Horse (vehicle of nekareborn) moved wrongly! 0.31752985706589243
[02:30:40] [Server thread/WARN]: Horse (vehicle of nekareborn) moved wrongly! 0.8061727713370601
[02:33:34] [Server thread/INFO]: Villager btp['Villager'/76352, l='ServerLevel[world]', x=-2955.57, y=66.00, z=2748.30] died, message: 'Villager was slain by Zombie'
[02:34:26] [Server thread/WARN]: Horse (vehicle of eshken) moved wrongly! 0.4234033676038962
[02:34:43] [Server thread/WARN]: Horse (vehicle of eshken) moved wrongly! 0.3769514796840667
[02:34:56] [Server thread/INFO]: kefur hit the ground too hard whilst trying to escape Enderman
[02:35:09] [Server thread/INFO]: eshken has made the advancement [Suit Up]
[02:35:20] [Server thread/INFO]: eshken has made the advancement [Ice Bucket Challenge]
[02:35:22] [Server thread/INFO]: kefur lost connection: Disconnected
[02:35:22] [Server thread/INFO]: kefur left the game
[02:35:57] [Server thread/INFO]: Villager btp['Mason'/72763, l='ServerLevel[world]', x=-2533.21, y=66.00, z=2171.35] died, message: 'Mason was slain by Zombie'
[02:36:12] [Server thread/INFO]: qwewqe has made the advancement [Ol' Betsy]
[02:36:18] [Server thread/WARN]: Horse (vehicle of nekareborn) moved wrongly! 0.2966499055787608
[02:36:18] [Server thread/WARN]: Horse (vehicle of nekareborn) moved wrongly! 0.9629686640942055
[02:36:21] [Server thread/INFO]: chrt lost connection: Disconnected
[02:36:21] [Server thread/INFO]: chrt left the game
[02:36:30] [Server thread/WARN]: Horse (vehicle of eshken) moved wrongly! 0.3710021359033817
[02:37:40] [Server thread/WARN]: Horse (vehicle of nekareborn) moved wrongly! 1.1042084107689334
[02:38:19] [Server thread/WARN]: Horse (vehicle of eshken) moved wrongly! 0.2609063204354243
[02:38:19] [Server thread/WARN]: Horse (vehicle of eshken) moved wrongly! 0.4694177799299706
[02:38:19] [Server thread/WARN]: Horse (vehicle of eshken) moved wrongly! 0.4827608935933726
[02:38:19] [Server thread/WARN]: Horse (vehicle of eshken) moved wrongly! 0.48990368829320646
[02:38:19] [Server thread/WARN]: Horse (vehicle of eshken) moved wrongly! 0.4937265156834599
[02:38:19] [Server thread/WARN]: Horse (vehicle of eshken) moved wrongly! 0.49577227426546816
[02:38:19] [Server thread/WARN]: Horse (vehicle of eshken) moved wrongly! 0.49686698660815676
[02:38:19] [Server thread/WARN]: Horse (vehicle of eshken) moved wrongly! 0.497452764598358
[02:38:19] [Server thread/WARN]: Horse (vehicle of eshken) moved wrongly! 0.4995848840825639
[02:38:19] [Server thread/WARN]: Horse (vehicle of eshken) moved wrongly! 0.5003156438369842
[02:38:19] [Server thread/WARN]: Horse (vehicle of eshken) moved wrongly! 0.48573901340841985
[02:38:19] [Server thread/WARN]: Horse (vehicle of eshken) moved wrongly! 0.46505193534585487
[02:38:19] [Server thread/WARN]: Horse (vehicle of eshken) moved wrongly! 0.44860630874745766
[02:38:19] [Server thread/WARN]: Horse (vehicle of eshken) moved wrongly! 0.42669442301576055
[02:38:19] [Server thread/WARN]: Horse (vehicle of eshken) moved wrongly! 0.39084940143629865
[02:38:19] [Server thread/WARN]: Horse (vehicle of eshken) moved wrongly! 0.3487250989851418
[02:38:20] [Server thread/WARN]: Horse (vehicle of eshken) moved wrongly! 0.3112261280157327
[02:41:53] [Server thread/WARN]: Horse (vehicle of eshken) moved wrongly! 0.464665282916485
[02:43:32] [Server thread/WARN]: Horse (vehicle of nekareborn) moved wrongly! 0.3430924537060491
[02:46:03] [Server thread/INFO]: eshken lost connection: Disconnected
[02:46:03] [Server thread/INFO]: eshken left the game
[02:47:27] [Server thread/INFO]: nekareborn lost connection: Disconnected
[02:47:27] [Server thread/INFO]: nekareborn left the game
[02:47:32] [Server thread/INFO]: qwewqe lost connection: Disconnected
[02:47:32] [Server thread/INFO]: qwewqe left the game
[02:47:34] [Server thread/INFO]: Stopping server
[02:47:34] [Server thread/INFO]: Saving players
[02:47:34] [Server thread/INFO]: Saving worlds
[02:47:35] [Server thread/INFO]: Saving chunks for level 'ServerLevel[world]'/minecraft:overworld
[02:47:37] [Server thread/INFO]: Saving chunks for level 'ServerLevel[world]'/minecraft:the_end
[02:47:37] [Server thread/INFO]: Saving chunks for level 'ServerLevel[world]'/minecraft:the_nether
[02:47:37] [Server thread/INFO]: ThreadedAnvilChunkStorage (world): All chunks are saved
[02:47:37] [Server thread/INFO]: ThreadedAnvilChunkStorage (DIM1): All chunks are saved
[02:47:37] [Server thread/INFO]: ThreadedAnvilChunkStorage (DIM-1): All chunks are saved
[02:47:37] [Server thread/INFO]: ThreadedAnvilChunkStorage: All dimensions are saved
